This is pdfTeX, Version 3.14159265-2.6-1.40.18 (MiKTeX 2.9.6500 64-bit) (preloaded format=pdflatex 2017.11.26)  30 NOV 2017 23:35
entering extended mode
**./report.tex
(report.tex
LaTeX2e <2017-04-15>
Babel <3.15> and hyphenation patterns for 75 language(s) loaded.
(D:\Programs\MiKTeX\tex\latex\base\article.cls
Document Class: article 2014/09/29 v1.4h Standard LaTeX document class
(D:\Programs\MiKTeX\tex\latex\base\size11.clo
File: size11.clo 2014/09/29 v1.4h Standard LaTeX file (size option)
)
\c@part=\count79
\c@section=\count80
\c@subsection=\count81
\c@subsubsection=\count82
\c@paragraph=\count83
\c@subparagraph=\count84
\c@figure=\count85
\c@table=\count86
\abovecaptionskip=\skip41
\belowcaptionskip=\skip42
\bibindent=\dimen102
)
(D:\Programs\MiKTeX\tex\latex\base\latexsym.sty
Package: latexsym 1998/08/17 v2.2e Standard LaTeX package (lasy symbols)
\symlasy=\mathgroup4
LaTeX Font Info:    Overwriting symbol font `lasy' in version `bold'
(Font)                  U/lasy/m/n --> U/lasy/b/n on input line 52.
)
(D:\Programs\MiKTeX\tex\latex\amsmath\amsmath.sty
Package: amsmath 2017/09/02 v2.17a AMS math features
\@mathmargin=\skip43

For additional information on amsmath, use the `?' option.
(D:\Programs\MiKTeX\tex\latex\amsmath\amstext.sty
Package: amstext 2000/06/29 v2.01 AMS text

(D:\Programs\MiKTeX\tex\latex\amsmath\amsgen.sty
File: amsgen.sty 1999/11/30 v2.0 generic functions
\@emptytoks=\toks14
\ex@=\dimen103
))
(D:\Programs\MiKTeX\tex\latex\amsmath\amsbsy.sty
Package: amsbsy 1999/11/29 v1.2d Bold Symbols
\pmbraise@=\dimen104
)
(D:\Programs\MiKTeX\tex\latex\amsmath\amsopn.sty
Package: amsopn 2016/03/08 v2.02 operator names
)
\inf@bad=\count87
LaTeX Info: Redefining \frac on input line 213.
\uproot@=\count88
\leftroot@=\count89
LaTeX Info: Redefining \overline on input line 375.
\classnum@=\count90
\DOTSCASE@=\count91
LaTeX Info: Redefining \ldots on input line 472.
LaTeX Info: Redefining \dots on input line 475.
LaTeX Info: Redefining \cdots on input line 596.
\Mathstrutbox@=\box26
\strutbox@=\box27
\big@size=\dimen105
LaTeX Font Info:    Redeclaring font encoding OML on input line 712.
LaTeX Font Info:    Redeclaring font encoding OMS on input line 713.
\macc@depth=\count92
\c@MaxMatrixCols=\count93
\dotsspace@=\muskip10
\c@parentequation=\count94
\dspbrk@lvl=\count95
\tag@help=\toks15
\row@=\count96
\column@=\count97
\maxfields@=\count98
\andhelp@=\toks16
\eqnshift@=\dimen106
\alignsep@=\dimen107
\tagshift@=\dimen108
\tagwidth@=\dimen109
\totwidth@=\dimen110
\lineht@=\dimen111
\@envbody=\toks17
\multlinegap=\skip44
\multlinetaggap=\skip45
\mathdisplay@stack=\toks18
LaTeX Info: Redefining \[ on input line 2817.
LaTeX Info: Redefining \] on input line 2818.
)
(D:\Programs\MiKTeX\tex\latex\amsfonts\amssymb.sty
Package: amssymb 2013/01/14 v3.01 AMS font symbols

(D:\Programs\MiKTeX\tex\latex\amsfonts\amsfonts.sty
Package: amsfonts 2013/01/14 v3.01 Basic AMSFonts support
\symAMSa=\mathgroup5
\symAMSb=\mathgroup6
LaTeX Font Info:    Overwriting math alphabet `\mathfrak' in version `bold'
(Font)                  U/euf/m/n --> U/euf/b/n on input line 106.
))
(D:\Programs\MiKTeX\tex\latex\amscls\amsthm.sty
Package: amsthm 2015/03/04 v2.20.2
\thm@style=\toks19
\thm@bodyfont=\toks20
\thm@headfont=\toks21
\thm@notefont=\toks22
\thm@headpunct=\toks23
\thm@preskip=\skip46
\thm@postskip=\skip47
\thm@headsep=\skip48
\dth@everypar=\toks24
)
(D:\Programs\MiKTeX\tex\latex\graphics\graphicx.sty
Package: graphicx 2017/06/01 v1.1a Enhanced LaTeX Graphics (DPC,SPQR)

(D:\Programs\MiKTeX\tex\latex\graphics\keyval.sty
Package: keyval 2014/10/28 v1.15 key=value parser (DPC)
\KV@toks@=\toks25
)
(D:\Programs\MiKTeX\tex\latex\graphics\graphics.sty
Package: graphics 2017/06/25 v1.2c Standard LaTeX Graphics (DPC,SPQR)

(D:\Programs\MiKTeX\tex\latex\graphics\trig.sty
Package: trig 2016/01/03 v1.10 sin cos tan (DPC)
)
(D:\Programs\MiKTeX\tex\latex\graphics-cfg\graphics.cfg
File: graphics.cfg 2016/06/04 v1.11 sample graphics configuration
)
Package graphics Info: Driver file: pdftex.def on input line 99.

(D:\Programs\MiKTeX\tex\latex\graphics-def\pdftex.def
File: pdftex.def 2017/06/24 v1.0g Graphics/color driver for pdftex
))
\Gin@req@height=\dimen112
\Gin@req@width=\dimen113
)
(D:\Programs\MiKTeX\tex\latex\float\float.sty
Package: float 2001/11/08 v1.3d Float enhancements (AL)
\c@float@type=\count99
\float@exts=\toks26
\float@box=\box28
\@float@everytoks=\toks27
\@floatcapt=\box29
)
(D:\Programs\MiKTeX\tex\latex\wrapfig\wrapfig.sty
\wrapoverhang=\dimen114
\WF@size=\dimen115
\c@WF@wrappedlines=\count100
\WF@box=\box30
\WF@everypar=\toks28
Package: wrapfig 2003/01/31  v 3.6
)
(D:\Programs\MiKTeX\tex\latex\pseudocode\pseudocode.sty
** 
** Document Style `pseudocode' - environment 
** by D.L. Kreher and D.R. Stinson 
** 
** The pseudocode environment was originally developed for the book
** Combinatorial Algorithms: Enumeration, Generation, and Search
** CRC Press, 1999. 
Package: pseudocode 
\pcode@width=\skip49
(D:\Programs\MiKTeX\tex\latex\fancybox\fancybox.sty
Package: fancybox 2010/05/15 1.4

Style option: `fancybox' v1.4 <2010/05/15> (tvz)
\@fancybox=\box31
\shadowsize=\dimen116
\@Sbox=\box32
\do@VerbBox=\toks29
\the@fancyput=\toks30
\this@fancyput=\toks31
\EndVerbatimTokens=\toks32
\Verbatim@Outfile=\write3
\Verbatim@Infile=\read1
) (D:\Programs\MiKTeX\tex\latex\base\ifthen.sty
Package: ifthen 2014/09/29 v1.1c Standard LaTeX ifthen package (DPC)
)
\c@pseudocode=\count101
\c@pseudonum=\count102
)
(D:\Programs\MiKTeX\tex\latex\url\url.sty
\Urlmuskip=\muskip11
Package: url 2013/09/16  ver 3.4  Verb mode for urls, etc.
)
(D:\Programs\MiKTeX\tex\latex\hyperref\hyperref.sty
Package: hyperref 2017/03/14 v6.85a Hypertext links for LaTeX

(D:\Programs\MiKTeX\tex\generic\oberdiek\hobsub-hyperref.sty
Package: hobsub-hyperref 2016/05/16 v1.14 Bundle oberdiek, subset hyperref (HO)


(D:\Programs\MiKTeX\tex\generic\oberdiek\hobsub-generic.sty
Package: hobsub-generic 2016/05/16 v1.14 Bundle oberdiek, subset generic (HO)
Package: hobsub 2016/05/16 v1.14 Construct package bundles (HO)
Package: infwarerr 2016/05/16 v1.4 Providing info/warning/error messages (HO)
Package: ltxcmds 2016/05/16 v1.23 LaTeX kernel commands for general use (HO)
Package: ifluatex 2016/05/16 v1.4 Provides the ifluatex switch (HO)
Package ifluatex Info: LuaTeX not detected.
Package: ifvtex 2016/05/16 v1.6 Detect VTeX and its facilities (HO)
Package ifvtex Info: VTeX not detected.
Package: intcalc 2016/05/16 v1.2 Expandable calculations with integers (HO)
Package: ifpdf 2017/03/15 v3.2 Provides the ifpdf switch
Package: etexcmds 2016/05/16 v1.6 Avoid name clashes with e-TeX commands (HO)
Package etexcmds Info: Could not find \expanded.
(etexcmds)             That can mean that you are not using pdfTeX 1.50 or
(etexcmds)             that some package has redefined \expanded.
(etexcmds)             In the latter case, load this package earlier.
Package: kvsetkeys 2016/05/16 v1.17 Key value parser (HO)
Package: kvdefinekeys 2016/05/16 v1.4 Define keys (HO)
Package: pdftexcmds 2017/03/19 v0.25 Utility functions of pdfTeX for LuaTeX (HO
)
Package pdftexcmds Info: LuaTeX not detected.
Package pdftexcmds Info: \pdf@primitive is available.
Package pdftexcmds Info: \pdf@ifprimitive is available.
Package pdftexcmds Info: \pdfdraftmode found.
Package: pdfescape 2016/05/16 v1.14 Implements pdfTeX's escape features (HO)
Package: bigintcalc 2016/05/16 v1.4 Expandable calculations on big integers (HO
)
Package: bitset 2016/05/16 v1.2 Handle bit-vector datatype (HO)
Package: uniquecounter 2016/05/16 v1.3 Provide unlimited unique counter (HO)
)
Package hobsub Info: Skipping package `hobsub' (already loaded).
Package: letltxmacro 2016/05/16 v1.5 Let assignment for LaTeX macros (HO)
Package: hopatch 2016/05/16 v1.3 Wrapper for package hooks (HO)
Package: xcolor-patch 2016/05/16 xcolor patch
Package: atveryend 2016/05/16 v1.9 Hooks at the very end of document (HO)
Package atveryend Info: \enddocument detected (standard20110627).
Package: atbegshi 2016/06/09 v1.18 At begin shipout hook (HO)
Package: refcount 2016/05/16 v3.5 Data extraction from label references (HO)
Package: hycolor 2016/05/16 v1.8 Color options for hyperref/bookmark (HO)
)
(D:\Programs\MiKTeX\tex\generic\ifxetex\ifxetex.sty
Package: ifxetex 2010/09/12 v0.6 Provides ifxetex conditional
)
(D:\Programs\MiKTeX\tex\latex\oberdiek\auxhook.sty
Package: auxhook 2016/05/16 v1.4 Hooks for auxiliary files (HO)
)
(D:\Programs\MiKTeX\tex\latex\oberdiek\kvoptions.sty
Package: kvoptions 2016/05/16 v3.12 Key value format for package options (HO)
)
\@linkdim=\dimen117
\Hy@linkcounter=\count103
\Hy@pagecounter=\count104

(D:\Programs\MiKTeX\tex\latex\hyperref\pd1enc.def
File: pd1enc.def 2017/03/14 v6.85a Hyperref: PDFDocEncoding definition (HO)
)
\Hy@SavedSpaceFactor=\count105

(D:\Programs\MiKTeX\tex\latex\00miktex\hyperref.cfg
File: hyperref.cfg 2002/06/06 v1.2 hyperref configuration of TeXLive
)
Package hyperref Info: Option `colorlinks' set `true' on input line 4374.
Package hyperref Info: Hyper figures OFF on input line 4498.
Package hyperref Info: Link nesting OFF on input line 4503.
Package hyperref Info: Hyper index ON on input line 4506.
Package hyperref Info: Plain pages OFF on input line 4513.
Package hyperref Info: Backreferencing ON on input line 4516.
Package hyperref Info: Implicit mode ON; LaTeX internals redefined.
Package hyperref Info: Bookmarks ON on input line 4751.

(D:\Programs\MiKTeX\tex\latex\hyperref\backref.sty
Package: backref 2016/05/21 v1.39 Bibliographical back referencing

(D:\Programs\MiKTeX\tex\latex\oberdiek\rerunfilecheck.sty
Package: rerunfilecheck 2016/05/16 v1.8 Rerun checks for auxiliary files (HO)
Package uniquecounter Info: New unique counter `rerunfilecheck' on input line 2
82.
))
\c@Hy@tempcnt=\count106
LaTeX Info: Redefining \url on input line 5104.
\XeTeXLinkMargin=\dimen118
\Fld@menulength=\count107
\Field@Width=\dimen119
\Fld@charsize=\dimen120
Package hyperref Info: Hyper figures OFF on input line 6358.
Package hyperref Info: Link nesting OFF on input line 6363.
Package hyperref Info: Hyper index ON on input line 6366.
Package hyperref Info: backreferencing ON on input line 6371.
Package hyperref Info: Link coloring ON on input line 6376.
Package hyperref Info: Link coloring with OCG OFF on input line 6383.
Package hyperref Info: PDF/A mode OFF on input line 6388.
LaTeX Info: Redefining \ref on input line 6428.
LaTeX Info: Redefining \pageref on input line 6432.
\Hy@abspage=\count108
\c@Item=\count109
\c@Hfootnote=\count110
)

Package hyperref Message: Driver (autodetected): hpdftex.

(D:\Programs\MiKTeX\tex\latex\hyperref\hpdftex.def
File: hpdftex.def 2017/03/14 v6.85a Hyperref driver for pdfTeX
\Fld@listcount=\count111
\c@bookmark@seq@number=\count112
\Hy@SectionHShift=\skip50
)
\c@theorem=\count113
 (report.aux)
\openout1 = `report.aux'.

LaTeX Font Info:    Checking defaults for OML/cmm/m/it on input line 57.
LaTeX Font Info:    ... okay on input line 57.
LaTeX Font Info:    Checking defaults for T1/cmr/m/n on input line 57.
LaTeX Font Info:    ... okay on input line 57.
LaTeX Font Info:    Checking defaults for OT1/cmr/m/n on input line 57.
LaTeX Font Info:    ... okay on input line 57.
LaTeX Font Info:    Checking defaults for OMS/cmsy/m/n on input line 57.
LaTeX Font Info:    ... okay on input line 57.
LaTeX Font Info:    Checking defaults for OMX/cmex/m/n on input line 57.
LaTeX Font Info:    ... okay on input line 57.
LaTeX Font Info:    Checking defaults for U/cmr/m/n on input line 57.
LaTeX Font Info:    ... okay on input line 57.
LaTeX Font Info:    Checking defaults for PD1/pdf/m/n on input line 57.
LaTeX Font Info:    ... okay on input line 57.

(D:\Programs\MiKTeX\tex\context\base\supp-pdf.mkii
[Loading MPS to PDF converter (version 2006.09.02).]
\scratchcounter=\count114
\scratchdimen=\dimen121
\scratchbox=\box33
\nofMPsegments=\count115
\nofMParguments=\count116
\everyMPshowfont=\toks33
\MPscratchCnt=\count117
\MPscratchDim=\dimen122
\MPnumerator=\count118
\makeMPintoPDFobject=\count119
\everyMPtoPDFconversion=\toks34
) (D:\Programs\MiKTeX\tex\latex\oberdiek\epstopdf-base.sty
Package: epstopdf-base 2016/05/15 v2.6 Base part for package epstopdf

(D:\Programs\MiKTeX\tex\latex\oberdiek\grfext.sty
Package: grfext 2016/05/16 v1.2 Manage graphics extensions (HO)
)
Package epstopdf-base Info: Redefining graphics rule for `.eps' on input line 4
38.
Package grfext Info: Graphics extension search list:
(grfext)             [.pdf,.png,.jpg,.mps,.jpeg,.jbig2,.jb2,.PDF,.PNG,.JPG,.JPE
G,.JBIG2,.JB2,.eps]
(grfext)             \AppendGraphicsExtensions on input line 456.
)
\AtBeginShipoutBox=\box34

(D:\Programs\MiKTeX\tex\latex\graphics\color.sty
Package: color 2016/07/10 v1.1e Standard LaTeX Color (DPC)

(D:\Programs\MiKTeX\tex\latex\graphics-cfg\color.cfg
File: color.cfg 2016/01/02 v1.6 sample color configuration
)
Package color Info: Driver file: pdftex.def on input line 147.
)
Package hyperref Info: Link coloring ON on input line 57.

(D:\Programs\MiKTeX\tex\latex\hyperref\nameref.sty
Package: nameref 2016/05/21 v2.44 Cross-referencing by name of section

(D:\Programs\MiKTeX\tex\generic\oberdiek\gettitlestring.sty
Package: gettitlestring 2016/05/16 v1.5 Cleanup title references (HO)
)
\c@section@level=\count120
)
LaTeX Info: Redefining \ref on input line 57.
LaTeX Info: Redefining \pageref on input line 57.
LaTeX Info: Redefining \nameref on input line 57.
 (report.out)
(report.out)
\@outlinefile=\write4
\openout4 = `report.out'.

 [1

{C:/Users/aserm/AppData/Local/MiKTeX/2.9/pdftex/config/pdftex.map}] [2] [3]
<images/fairyeyes-10000-r4-1.png, id=105, 455.301pt x 607.068pt>
File: images/fairyeyes-10000-r4-1.png Graphic file (type png)
<use images/fairyeyes-10000-r4-1.png>
Package pdftex.def Info: images/fairyeyes-10000-r4-1.png  used on input line 23
5. on input line 235.
Package pdftex.def Info: Requested size: 182.11717pt x 242.82289pt on input lin
e 235.
<images/fairyeyes-10000-r4-2.png, id=107, 455.301pt x 607.068pt>
File: images/fairyeyes-10000-r4-2.png Graphic file (type png)
<use images/fairyeyes-10000-r4-2.png>
Package pdftex.def Info: images/fairyeyes-10000-r4-2.png  used on input line 23
6. on input line 236.
Package pdftex.def Info: Requested size: 182.11717pt x 242.82289pt on input lin
e 236.
<images/fairyeyes-4k-color-2.png, id=108, 455.301pt x 607.068pt>
File: images/fairyeyes-4k-color-2.png Graphic file (type png)
<use images/fairyeyes-4k-color-2.png>
Package pdftex.def Info: images/fairyeyes-4k-color-2.png  used on input line 24
2. on input line 242.
Package pdftex.def Info: Requested size: 182.11717pt x 242.82289pt on input lin
e 242.
<images/fairyeyes-4k-color-3.png, id=109, 455.301pt x 607.068pt>
File: images/fairyeyes-4k-color-3.png Graphic file (type png)
<use images/fairyeyes-4k-color-3.png>
Package pdftex.def Info: images/fairyeyes-4k-color-3.png  used on input line 24
3. on input line 243.
Package pdftex.def Info: Requested size: 182.11717pt x 242.82289pt on input lin
e 243.
 [4 <./images/fairyeyes-10000-r4-1.png> <./images/fairyeyes-10000-r4-2.png>]
<images/fairyeyes-noverlap-4k-color.png, id=123, 455.301pt x 607.068pt>
File: images/fairyeyes-noverlap-4k-color.png Graphic file (type png)
<use images/fairyeyes-noverlap-4k-color.png>
Package pdftex.def Info: images/fairyeyes-noverlap-4k-color.png  used on input 
line 249. on input line 249.
Package pdftex.def Info: Requested size: 182.11717pt x 242.82289pt on input lin
e 249.
<images/fairyeyes-noverlap-4k-color-2.png, id=124, 455.301pt x 607.068pt>
File: images/fairyeyes-noverlap-4k-color-2.png Graphic file (type png)
<use images/fairyeyes-noverlap-4k-color-2.png>
Package pdftex.def Info: images/fairyeyes-noverlap-4k-color-2.png  used on inpu
t line 250. on input line 250.
Package pdftex.def Info: Requested size: 182.11717pt x 242.82289pt on input lin
e 250.
 [5 <./images/fairyeyes-4k-color-2.png> <./images/fairyeyes-4k-color-3.png> <./
images/fairyeyes-noverlap-4k-color.png> <./images/fairyeyes-noverlap-4k-color-2
.png>]
<images/fairyeyes-hedcut-100000.png, id=133, 455.301pt x 607.068pt>
File: images/fairyeyes-hedcut-100000.png Graphic file (type png)
<use images/fairyeyes-hedcut-100000.png>
Package pdftex.def Info: images/fairyeyes-hedcut-100000.png  used on input line
 258. on input line 258.
Package pdftex.def Info: Requested size: 182.11717pt x 242.82289pt on input lin
e 258.
<images/fairyeyes-voronoi-100000.png, id=134, 455.301pt x 607.068pt>
File: images/fairyeyes-voronoi-100000.png Graphic file (type png)
<use images/fairyeyes-voronoi-100000.png>
Package pdftex.def Info: images/fairyeyes-voronoi-100000.png  used on input lin
e 259. on input line 259.
Package pdftex.def Info: Requested size: 182.11717pt x 242.82289pt on input lin
e 259.
 [6 <./images/fairyeyes-hedcut-100000.png> <./images/fairyeyes-voronoi-100000.p
ng>]
<images/sunbros-plain-itr1-100000.png, id=141, 510.708pt x 287.474pt>
File: images/sunbros-plain-itr1-100000.png Graphic file (type png)
<use images/sunbros-plain-itr1-100000.png>
Package pdftex.def Info: images/sunbros-plain-itr1-100000.png  used on input li
ne 270. on input line 270.
Package pdftex.def Info: Requested size: 255.35336pt x 143.73663pt on input lin
e 270.
<images/sunbros-plain-itr3-100000.png, id=142, 510.708pt x 287.474pt>
File: images/sunbros-plain-itr3-100000.png Graphic file (type png)
<use images/sunbros-plain-itr3-100000.png>
Package pdftex.def Info: images/sunbros-plain-itr3-100000.png  used on input li
ne 271. on input line 271.
Package pdftex.def Info: Requested size: 255.35336pt x 143.73663pt on input lin
e 271.

Overfull \hbox (43.38507pt too wide) in paragraph at lines 270--272
[][] [] 
 []

<images/sunbros-lessrescale-itr1-100000.png, id=143, 510.708pt x 287.474pt>
File: images/sunbros-lessrescale-itr1-100000.png Graphic file (type png)
<use images/sunbros-lessrescale-itr1-100000.png>
Package pdftex.def Info: images/sunbros-lessrescale-itr1-100000.png  used on in
put line 276. on input line 276.
Package pdftex.def Info: Requested size: 255.35336pt x 143.73663pt on input lin
e 276.
<images/sunbros-lessrescale-itr3-100000.png, id=144, 510.708pt x 287.474pt>
File: images/sunbros-lessrescale-itr3-100000.png Graphic file (type png)
<use images/sunbros-lessrescale-itr3-100000.png>
Package pdftex.def Info: images/sunbros-lessrescale-itr3-100000.png  used on in
put line 277. on input line 277.
Package pdftex.def Info: Requested size: 255.35336pt x 143.73663pt on input lin
e 277.

Overfull \hbox (43.38507pt too wide) in paragraph at lines 276--278
[][] [] 
 []

<images/hedcut-table.png, id=145, 290.58563pt x 304.13625pt>
File: images/hedcut-table.png Graphic file (type png)
<use images/hedcut-table.png>
Package pdftex.def Info: images/hedcut-table.png  used on input line 284. on in
put line 284.
Package pdftex.def Info: Requested size: 232.46881pt x 243.30933pt on input lin
e 284.
<images/hedcut-results.png, id=146, 450.9347pt x 78.2925pt>
File: images/hedcut-results.png Graphic file (type png)
<use images/hedcut-results.png>
Package pdftex.def Info: images/hedcut-results.png  used on input line 287. on 
input line 287.
Package pdftex.def Info: Requested size: 360.74825pt x 62.63406pt on input line
 287.
[7 <./images/sunbros-plain-itr1-100000.png> <./images/sunbros-plain-itr3-100000
.png> <./images/sunbros-lessrescale-itr1-100000.png> <./images/sunbros-lessresc
ale-itr3-100000.png>]
No file report.bbl.
Package atveryend Info: Empty hook `BeforeClearDocument' on input line 299.
[8 <./images/hedcut-table.png> <./images/hedcut-results.png>]
Package atveryend Info: Empty hook `AfterLastShipout' on input line 299.
 (report.aux)
Package atveryend Info: Executing hook `AtVeryEndDocument' on input line 299.
Package atveryend Info: Executing hook `AtEndAfterFileList' on input line 299.
Package rerunfilecheck Info: File `report.out' has not changed.
(rerunfilecheck)             Checksum: 2379562B288F88BB2B3BEFFA1E07AC68;322.
Package atveryend Info: Empty hook `AtVeryVeryEnd' on input line 299.
 ) 
Here is how much of TeX's memory you used:
 6734 strings out of 493312
 95706 string characters out of 3142814
 185752 words of memory out of 3000000
 10121 multiletter control sequences out of 15000+200000
 5804 words of font info for 21 fonts, out of 3000000 for 9000
 1141 hyphenation exceptions out of 8191
 32i,7n,28p,753b,480s stack positions out of 5000i,500n,10000p,200000b,50000s
<D:/Programs/MiKTeX/fonts/type1/public/amsfonts/cm/cmbx12.pfb><D:/Programs/Mi
KTeX/fonts/type1/public/amsfonts/cm/cmr10.pfb><D:/Programs/MiKTeX/fonts/type1/p
ublic/amsfonts/cm/cmr12.pfb><D:/Programs/MiKTeX/fonts/type1/public/amsfonts/cm/
cmti10.pfb>
Output written on report.pdf (8 pages, 5333629 bytes).
PDF statistics:
 199 PDF objects out of 1000 (max. 8388607)
 88 named destinations out of 1000 (max. 500000)
 111 words of extra memory for PDF output out of 10000 (max. 10000000)

