Build started 11/28/2017 2:15:26 PM.
     1>Project "D:\Programming\cs633-hedcut\hedcuter\code\vc_files\hedcut.vcxproj" on node 2 (Build target(s)).
     1>ClCompile:
         C:\Program Files (x86)\Microsoft Visual Studio 12.0\VC\bin\x86_amd64\CL.exe /c /I"D:\Program\freeglut\glew-1.11.0\\include" /ID:\Programs\freeglut\freeglut\include /ID:\Programs\opencv\build\include /I../mathtool /Zi /nologo /W3 /WX- /sdl /O2 /D _MBCS /Gm /EHsc /MDd /GS /fp:precise /Zc:wchar_t /Zc:forScope /Fo"x64\Debug\\" /Fd"x64\Debug\vc120.pdb" /Gd /TP /errorReport:prompt ..\hedcut.cpp ..\main.cpp ..\wcvt.cpp ..\wcvt_gpu.cpp
         main.cpp
     1>d:\programming\cs633-hedcut\hedcuter\code\wcvt.h(135): warning C4244: 'initializing' : conversion from 'double' to 'float', possible loss of data
     1>d:\programming\cs633-hedcut\hedcuter\code\simple_svg_1.0.0.hpp(468): warning C4520: 'svg::Polygon' : multiple default constructors specified
     1>d:\programming\cs633-hedcut\hedcuter\code\simple_svg_1.0.0.hpp(505): warning C4520: 'svg::Polyline' : multiple default constructors specified
     1>..\main.cpp(14): warning C4267: 'initializing' : conversion from 'size_t' to 'int', possible loss of data
     1>..\main.cpp(15): warning C4267: 'initializing' : conversion from 'size_t' to 'int', possible loss of data
     1>..\main.cpp(48): warning C4244: '=' : conversion from 'double' to 'float', possible loss of data
     1>..\main.cpp(50): warning C4244: '=' : conversion from 'double' to 'float', possible loss of data
     1>..\main.cpp(106): warning C4244: 'initializing' : conversion from 'const double' to 'uchar', possible loss of data
     1>..\main.cpp(107): warning C4244: 'initializing' : conversion from 'const double' to 'uchar', possible loss of data
     1>..\main.cpp(108): warning C4244: 'initializing' : conversion from 'const double' to 'uchar', possible loss of data
         hedcut.cpp
     1>d:\programming\cs633-hedcut\hedcuter\code\wcvt.h(135): warning C4244: 'initializing' : conversion from 'double' to 'float', possible loss of data
     1>..\hedcut.cpp(71): warning C4244: 'argument' : conversion from 'time_t' to 'unsigned int', possible loss of data
     1>..\hedcut.cpp(82): warning C4244: 'initializing' : conversion from 'double' to 'float', possible loss of data
     1>..\hedcut.cpp(83): warning C4244: 'initializing' : conversion from 'double' to 'float', possible loss of data
     1>..\hedcut.cpp(97): warning C4244: 'argument' : conversion from 'double' to 'int', possible loss of data
     1>..\hedcut.cpp(126): warning C4244: '=' : conversion from 'double' to 'unsigned int', possible loss of data
     1>..\hedcut.cpp(127): warning C4244: '=' : conversion from 'double' to 'unsigned int', possible loss of data
     1>..\hedcut.cpp(128): warning C4244: '=' : conversion from 'double' to 'unsigned int', possible loss of data
         Generating Code...
         Skipping... (no relevant changes detected)
         wcvt_gpu.cpp
         wcvt.cpp
       Link:
         C:\Program Files (x86)\Microsoft Visual Studio 12.0\VC\bin\x86_amd64\link.exe /ERRORREPORT:PROMPT /OUT:"D:\Programming\cs633-hedcut\hedcuter\code\vc_files\x64\Debug\hedcut.exe" /INCREMENTAL /NOLOGO /LIBPATH:"D:\Program\freeglut\glew-1.11.0\\lib\\" /LIBPATH:D:\Programs\freeglut\freeglut\lib\x64 /LIBPATH:D:\Programs\freeglut\freeglut\lib /LIBPATH:D:\Programs\opencv\build\x64\vc12\lib freeglut.lib glew32.lib opencv_highgui2410d.lib opencv_core2410d.lib opencv_imgproc2410d.lib opencv_flann2410d.lib opencv_contrib2410d.lib opencv_features2d2410d.lib kernel32.lib user32.lib gdi32.lib winspool.lib comdlg32.lib advapi32.lib shell32.lib ole32.lib oleaut32.lib uuid.lib odbc32.lib odbccp32.lib /MANIFEST /MANIFESTUAC:"level='asInvoker' uiAccess='false'" /manifest:embed /DEBUG /PDB:"D:\Programming\cs633-hedcut\hedcuter\code\vc_files\x64\Debug\hedcut.pdb" /TLBID:1 /DYNAMICBASE /NXCOMPAT /IMPLIB:"D:\Programming\cs633-hedcut\hedcuter\code\vc_files\x64\Debug\hedcut.lib" /MACHINE:X64 x64\Debug\hedcut.obj
         x64\Debug\main.obj
         x64\Debug\wcvt.obj
         x64\Debug\wcvt_gpu.obj
         hedcut.vcxproj -> D:\Programming\cs633-hedcut\hedcuter\code\vc_files\x64\Debug\hedcut.exe
     1>Done Building Project "D:\Programming\cs633-hedcut\hedcuter\code\vc_files\hedcut.vcxproj" (Build target(s)).

Build succeeded.

Time Elapsed 00:00:03.71
