  hedcut.cpp
d:\programming\cs633-hedcut\hedcuter\code\wcvt.h(138): warning C4244: 'initializing': conversion from 'double' to 'float', possible loss of data
d:\programming\cs633-hedcut\hedcuter\code\hedcut.cpp(82): warning C4244: 'initializing': conversion from 'double' to 'float', possible loss of data
d:\programming\cs633-hedcut\hedcuter\code\hedcut.cpp(83): warning C4244: 'initializing': conversion from 'double' to 'float', possible loss of data
d:\programming\cs633-hedcut\hedcuter\code\hedcut.cpp(97): warning C4244: 'argument': conversion from 'double' to 'int', possible loss of data
d:\programming\cs633-hedcut\hedcuter\code\hedcut.cpp(126): warning C4244: '=': conversion from 'double' to 'unsigned int', possible loss of data
d:\programming\cs633-hedcut\hedcuter\code\hedcut.cpp(127): warning C4244: '=': conversion from 'double' to 'unsigned int', possible loss of data
d:\programming\cs633-hedcut\hedcuter\code\hedcut.cpp(128): warning C4244: '=': conversion from 'double' to 'unsigned int', possible loss of data
  Generating Code...
  Compiling...
  wcvt_gpu.cpp
d:\programming\cs633-hedcut\hedcuter\code\wcvt.h(138): warning C4244: 'initializing': conversion from 'double' to 'float', possible loss of data
d:\programming\cs633-hedcut\hedcuter\code\wcvt_gpu.cpp(108): warning C4018: '<': signed/unsigned mismatch
d:\programming\cs633-hedcut\hedcuter\code\wcvt_gpu.cpp(118): warning C4244: '=': conversion from 'double' to 'GLfloat', possible loss of data
d:\programming\cs633-hedcut\hedcuter\code\wcvt_gpu.cpp(119): warning C4244: '=': conversion from 'double' to 'GLfloat', possible loss of data
d:\programming\cs633-hedcut\hedcuter\code\wcvt_gpu.cpp(120): warning C4244: '=': conversion from 'double' to 'GLfloat', possible loss of data
d:\programming\cs633-hedcut\hedcuter\code\wcvt_gpu.cpp(125): warning C4244: 'argument': conversion from 'double' to 'GLfloat', possible loss of data
d:\programming\cs633-hedcut\hedcuter\code\wcvt_gpu.cpp(126): warning C4244: 'argument': conversion from 'double' to 'GLfloat', possible loss of data
  wcvt.cpp
d:\programming\cs633-hedcut\hedcuter\code\wcvt.h(138): warning C4244: 'initializing': conversion from 'double' to 'float', possible loss of data
  main.cpp
d:\programming\cs633-hedcut\hedcuter\code\wcvt.h(138): warning C4244: 'initializing': conversion from 'double' to 'float', possible loss of data
d:\programming\cs633-hedcut\hedcuter\code\main.cpp(48): warning C4244: '=': conversion from 'double' to 'float', possible loss of data
d:\programming\cs633-hedcut\hedcuter\code\main.cpp(50): warning C4244: '=': conversion from 'double' to 'float', possible loss of data
d:\programming\cs633-hedcut\hedcuter\code\main.cpp(106): warning C4244: 'initializing': conversion from 'const double' to 'uchar', possible loss of data
d:\programming\cs633-hedcut\hedcuter\code\main.cpp(107): warning C4244: 'initializing': conversion from 'const double' to 'uchar', possible loss of data
d:\programming\cs633-hedcut\hedcuter\code\main.cpp(108): warning C4244: 'initializing': conversion from 'const double' to 'uchar', possible loss of data
  Generating Code...
hedcut.obj : error LNK2019: unresolved external symbol "void __cdecl cv::fastFree(void *)" (?fastFree@cv@@YAXPAX@Z) referenced in function "public: __thiscall cv::Mat::~Mat(void)" (??1Mat@cv@@QAE@XZ)
main.obj : error LNK2001: unresolved external symbol "void __cdecl cv::fastFree(void *)" (?fastFree@cv@@YAXPAX@Z)
wcvt.obj : error LNK2001: unresolved external symbol "void __cdecl cv::fastFree(void *)" (?fastFree@cv@@YAXPAX@Z)
wcvt_gpu.obj : error LNK2001: unresolved external symbol "void __cdecl cv::fastFree(void *)" (?fastFree@cv@@YAXPAX@Z)
hedcut.obj : error LNK2019: unresolved external symbol "private: char * __thiscall cv::String::allocate(unsigned int)" (?allocate@String@cv@@AAEPADI@Z) referenced in function "public: __thiscall cv::String::String(char const *)" (??0String@cv@@QAE@PBD@Z)
main.obj : error LNK2001: unresolved external symbol "private: char * __thiscall cv::String::allocate(unsigned int)" (?allocate@String@cv@@AAEPADI@Z)
wcvt.obj : error LNK2001: unresolved external symbol "private: char * __thiscall cv::String::allocate(unsigned int)" (?allocate@String@cv@@AAEPADI@Z)
wcvt_gpu.obj : error LNK2001: unresolved external symbol "private: char * __thiscall cv::String::allocate(unsigned int)" (?allocate@String@cv@@AAEPADI@Z)
hedcut.obj : error LNK2019: unresolved external symbol "private: void __thiscall cv::String::deallocate(void)" (?deallocate@String@cv@@AAEXXZ) referenced in function "public: __thiscall cv::String::~String(void)" (??1String@cv@@QAE@XZ)
main.obj : error LNK2001: unresolved external symbol "private: void __thiscall cv::String::deallocate(void)" (?deallocate@String@cv@@AAEXXZ)
wcvt.obj : error LNK2001: unresolved external symbol "private: void __thiscall cv::String::deallocate(void)" (?deallocate@String@cv@@AAEXXZ)
wcvt_gpu.obj : error LNK2001: unresolved external symbol "private: void __thiscall cv::String::deallocate(void)" (?deallocate@String@cv@@AAEXXZ)
hedcut.obj : error LNK2019: unresolved external symbol "void __cdecl cv::error(int,class cv::String const &,char const *,char const *,int)" (?error@cv@@YAXHABVString@1@PBD1H@Z) referenced in function "public: unsigned char & __thiscall cv::Mat::at<unsigned char>(int,int)" (??$at@E@Mat@cv@@QAEAAEHH@Z)
main.obj : error LNK2001: unresolved external symbol "void __cdecl cv::error(int,class cv::String const &,char const *,char const *,int)" (?error@cv@@YAXHABVString@1@PBD1H@Z)
wcvt.obj : error LNK2001: unresolved external symbol "void __cdecl cv::error(int,class cv::String const &,char const *,char const *,int)" (?error@cv@@YAXHABVString@1@PBD1H@Z)
wcvt_gpu.obj : error LNK2001: unresolved external symbol "void __cdecl cv::error(int,class cv::String const &,char const *,char const *,int)" (?error@cv@@YAXHABVString@1@PBD1H@Z)
hedcut.obj : error LNK2019: unresolved external symbol "public: void __thiscall cv::Mat::copyTo(class cv::debug_build_guard::_OutputArray const &)const " (?copyTo@Mat@cv@@QBEXABV_OutputArray@debug_build_guard@2@@Z) referenced in function "public: class cv::Mat __thiscall cv::Mat::clone(void)const " (?clone@Mat@cv@@QBE?AV12@XZ)
wcvt_gpu.obj : error LNK2001: unresolved external symbol "public: void __thiscall cv::Mat::copyTo(class cv::debug_build_guard::_OutputArray const &)const " (?copyTo@Mat@cv@@QBEXABV_OutputArray@debug_build_guard@2@@Z)
hedcut.obj : error LNK2019: unresolved external symbol "public: class cv::Mat & __thiscall cv::Mat::operator=(class cv::Scalar_<double> const &)" (??4Mat@cv@@QAEAAV01@ABV?$Scalar_@N@1@@Z) referenced in function "public: __thiscall cv::Mat::Mat(class cv::Size_<int>,int,class cv::Scalar_<double> const &)" (??0Mat@cv@@QAE@V?$Size_@H@1@HABV?$Scalar_@N@1@@Z)
wcvt.obj : error LNK2001: unresolved external symbol "public: class cv::Mat & __thiscall cv::Mat::operator=(class cv::Scalar_<double> const &)" (??4Mat@cv@@QAEAAV01@ABV?$Scalar_@N@1@@Z)
wcvt_gpu.obj : error LNK2001: unresolved external symbol "public: class cv::Mat & __thiscall cv::Mat::operator=(class cv::Scalar_<double> const &)" (??4Mat@cv@@QAEAAV01@ABV?$Scalar_@N@1@@Z)
hedcut.obj : error LNK2019: unresolved external symbol "public: void __thiscall cv::Mat::create(int,int const *,int)" (?create@Mat@cv@@QAEXHPBHH@Z) referenced in function "public: void __thiscall cv::Mat::create(int,int,int)" (?create@Mat@cv@@QAEXHHH@Z)
wcvt.obj : error LNK2001: unresolved external symbol "public: void __thiscall cv::Mat::create(int,int const *,int)" (?create@Mat@cv@@QAEXHPBHH@Z)
wcvt_gpu.obj : error LNK2001: unresolved external symbol "public: void __thiscall cv::Mat::create(int,int const *,int)" (?create@Mat@cv@@QAEXHPBHH@Z)
hedcut.obj : error LNK2019: unresolved external symbol "public: void __thiscall cv::Mat::deallocate(void)" (?deallocate@Mat@cv@@QAEXXZ) referenced in function "public: void __thiscall cv::Mat::release(void)" (?release@Mat@cv@@QAEXXZ)
main.obj : error LNK2001: unresolved external symbol "public: void __thiscall cv::Mat::deallocate(void)" (?deallocate@Mat@cv@@QAEXXZ)
wcvt.obj : error LNK2001: unresolved external symbol "public: void __thiscall cv::Mat::deallocate(void)" (?deallocate@Mat@cv@@QAEXXZ)
wcvt_gpu.obj : error LNK2001: unresolved external symbol "public: void __thiscall cv::Mat::deallocate(void)" (?deallocate@Mat@cv@@QAEXXZ)
hedcut.obj : error LNK2019: unresolved external symbol "public: double __thiscall cv::RNG::gaussian(double)" (?gaussian@RNG@cv@@QAENN@Z) referenced in function "private: void __thiscall Hedcut::sample_initial_points(class cv::Mat &,int,class std::vector<class cv::Point_<double>,class std::allocator<class cv::Point_<double> > > &)" (?sample_initial_points@Hedcut@@AAEXAAVMat@cv@@HAAV?$vector@V?$Point_@N@cv@@V?$allocator@V?$Point_@N@cv@@@std@@@std@@@Z)
hedcut.obj : error LNK2019: unresolved external symbol "int __cdecl cv::waitKey(int)" (?waitKey@cv@@YAHH@Z) referenced in function "public: bool __thiscall Hedcut::build(class cv::Mat &,int)" (?build@Hedcut@@QAE_NAAVMat@cv@@H@Z)
wcvt.obj : error LNK2001: unresolved external symbol "int __cdecl cv::waitKey(int)" (?waitKey@cv@@YAHH@Z)
hedcut.obj : error LNK2019: unresolved external symbol "void __cdecl cv::imshow(class cv::String const &,class cv::debug_build_guard::_InputArray const &)" (?imshow@cv@@YAXABVString@1@ABV_InputArray@debug_build_guard@1@@Z) referenced in function "private: void __thiscall Hedcut::sample_initial_points(class cv::Mat &,int,class std::vector<class cv::Point_<double>,class std::allocator<class cv::Point_<double> > > &)" (?sample_initial_points@Hedcut@@AAEXAAVMat@cv@@HAAV?$vector@V?$Point_@N@cv@@V?$allocator@V?$Point_@N@cv@@@std@@@std@@@Z)
main.obj : error LNK2001: unresolved external symbol "void __cdecl cv::imshow(class cv::String const &,class cv::debug_build_guard::_InputArray const &)" (?imshow@cv@@YAXABVString@1@ABV_InputArray@debug_build_guard@1@@Z)
wcvt.obj : error LNK2001: unresolved external symbol "void __cdecl cv::imshow(class cv::String const &,class cv::debug_build_guard::_InputArray const &)" (?imshow@cv@@YAXABVString@1@ABV_InputArray@debug_build_guard@1@@Z)
hedcut.obj : error LNK2019: unresolved external symbol "void __cdecl cv::cvtColor(class cv::debug_build_guard::_InputArray const &,class cv::debug_build_guard::_OutputArray const &,int,int)" (?cvtColor@cv@@YAXABV_InputArray@debug_build_guard@1@ABV_OutputArray@31@HH@Z) referenced in function "public: bool __thiscall Hedcut::build(class cv::Mat &,int)" (?build@Hedcut@@QAE_NAAVMat@cv@@H@Z)
wcvt_gpu.obj : error LNK2001: unresolved external symbol "void __cdecl cv::cvtColor(class cv::debug_build_guard::_InputArray const &,class cv::debug_build_guard::_OutputArray const &,int,int)" (?cvtColor@cv@@YAXABV_InputArray@debug_build_guard@1@ABV_OutputArray@31@HH@Z)
hedcut.obj : error LNK2019: unresolved external symbol "void __cdecl cv::circle(class cv::debug_build_guard::_InputOutputArray const &,class cv::Point_<int>,int,class cv::Scalar_<double> const &,int,int,int)" (?circle@cv@@YAXABV_InputOutputArray@debug_build_guard@1@V?$Point_@H@1@HABV?$Scalar_@N@1@HHH@Z) referenced in function "private: void __thiscall Hedcut::sample_initial_points(class cv::Mat &,int,class std::vector<class cv::Point_<double>,class std::allocator<class cv::Point_<double> > > &)" (?sample_initial_points@Hedcut@@AAEXAAVMat@cv@@HAAV?$vector@V?$Point_@N@cv@@V?$allocator@V?$Point_@N@cv@@@std@@@std@@@Z)
wcvt.obj : error LNK2001: unresolved external symbol "void __cdecl cv::circle(class cv::debug_build_guard::_InputOutputArray const &,class cv::Point_<int>,int,class cv::Scalar_<double> const &,int,int,int)" (?circle@cv@@YAXABV_InputOutputArray@debug_build_guard@1@V?$Point_@H@1@HABV?$Scalar_@N@1@HHH@Z)
main.obj : error LNK2019: unresolved external symbol "class cv::Mat __cdecl cv::imread(class cv::String const &,int)" (?imread@cv@@YA?AVMat@1@ABVString@1@H@Z) referenced in function _main
main.obj : error LNK2019: unresolved external symbol "void __cdecl cv::namedWindow(class cv::String const &,int)" (?namedWindow@cv@@YAXABVString@1@H@Z) referenced in function _main
wcvt.obj : error LNK2019: unresolved external symbol "class cv::debug_build_guard::_InputOutputArray const & __cdecl cv::noArray(void)" (?noArray@cv@@YAABV_InputOutputArray@debug_build_guard@1@XZ) referenced in function "private: void __thiscall CVT::vor(class cv::Mat &)" (?vor@CVT@@AAEXAAVMat@cv@@@Z)
wcvt.obj : error LNK2019: unresolved external symbol "void __cdecl cv::convertScaleAbs(class cv::debug_build_guard::_InputArray const &,class cv::debug_build_guard::_OutputArray const &,double,double)" (?convertScaleAbs@cv@@YAXABV_InputArray@debug_build_guard@1@ABV_OutputArray@31@NN@Z) referenced in function "private: void __thiscall CVT::vor(class cv::Mat &)" (?vor@CVT@@AAEXAAVMat@cv@@@Z)
wcvt.obj : error LNK2019: unresolved external symbol "void __cdecl cv::minMaxIdx(class cv::debug_build_guard::_InputArray const &,double *,double *,int *,int *,class cv::debug_build_guard::_InputArray const &)" (?minMaxIdx@cv@@YAXABV_InputArray@debug_build_guard@1@PAN1PAH20@Z) referenced in function "private: void __thiscall CVT::vor(class cv::Mat &)" (?vor@CVT@@AAEXAAVMat@cv@@@Z)
wcvt.obj : error LNK2019: unresolved external symbol "void __cdecl cv::resize(class cv::debug_build_guard::_InputArray const &,class cv::debug_build_guard::_OutputArray const &,class cv::Size_<int>,double,double,int)" (?resize@cv@@YAXABV_InputArray@debug_build_guard@1@ABV_OutputArray@31@V?$Size_@H@1@NNH@Z) referenced in function "private: float __thiscall CVT::move_sites(class cv::Mat &,struct VorCell &)" (?move_sites@CVT@@AAEMAAVMat@cv@@AAUVorCell@@@Z)
wcvt_gpu.obj : error LNK2019: unresolved external symbol "public: void __thiscall cv::Mat::copySize(class cv::Mat const &)" (?copySize@Mat@cv@@QAEXABV12@@Z) referenced in function "public: class cv::Mat & __thiscall cv::Mat::operator=(class cv::Mat const &)" (??4Mat@cv@@QAEAAV01@ABV01@@Z)
wcvt_gpu.obj : error LNK2019: unresolved external symbol __imp__glClear@4 referenced in function "private: static void __cdecl CVT::vor_GPU(void)" (?vor_GPU@CVT@@CAXXZ)
wcvt_gpu.obj : error LNK2019: unresolved external symbol __imp__glClearColor@16 referenced in function "private: static void __cdecl CVT::vor_GPU(void)" (?vor_GPU@CVT@@CAXXZ)
wcvt_gpu.obj : error LNK2019: unresolved external symbol __imp__glClearDepth@8 referenced in function "private: static void __cdecl CVT::vor_GPU(void)" (?vor_GPU@CVT@@CAXXZ)
wcvt_gpu.obj : error LNK2019: unresolved external symbol __imp__glColor3f@12 referenced in function "private: static void __cdecl CVT::vor_GPU(void)" (?vor_GPU@CVT@@CAXXZ)
wcvt_gpu.obj : error LNK2019: unresolved external symbol __imp__glEnable@4 referenced in function "private: void __thiscall CVT::init_GPU(class cv::Mat &)" (?init_GPU@CVT@@AAEXAAVMat@cv@@@Z)
wcvt_gpu.obj : error LNK2019: unresolved external symbol __imp__glLoadIdentity@0 referenced in function "private: static void __cdecl CVT::vor_GPU(void)" (?vor_GPU@CVT@@CAXXZ)
wcvt_gpu.obj : error LNK2019: unresolved external symbol __imp__glMatrixMode@4 referenced in function "private: static void __cdecl CVT::vor_GPU(void)" (?vor_GPU@CVT@@CAXXZ)
wcvt_gpu.obj : error LNK2019: unresolved external symbol __imp__glOrtho@48 referenced in function "private: static void __cdecl CVT::vor_GPU(void)" (?vor_GPU@CVT@@CAXXZ)
wcvt_gpu.obj : error LNK2019: unresolved external symbol __imp__glPopMatrix@0 referenced in function "private: static void __cdecl CVT::vor_GPU(void)" (?vor_GPU@CVT@@CAXXZ)
wcvt_gpu.obj : error LNK2019: unresolved external symbol __imp__glPushMatrix@0 referenced in function "private: static void __cdecl CVT::vor_GPU(void)" (?vor_GPU@CVT@@CAXXZ)
wcvt_gpu.obj : error LNK2019: unresolved external symbol __imp__glReadBuffer@4 referenced in function "float __cdecl getDepthValue(int,int)" (?getDepthValue@@YAMHH@Z)
wcvt_gpu.obj : error LNK2019: unresolved external symbol __imp__glReadPixels@28 referenced in function "float __cdecl getDepthValue(int,int)" (?getDepthValue@@YAMHH@Z)
wcvt_gpu.obj : error LNK2019: unresolved external symbol __imp__glRotatef@16 referenced in function "private: static void __cdecl CVT::vor_GPU(void)" (?vor_GPU@CVT@@CAXXZ)
wcvt_gpu.obj : error LNK2019: unresolved external symbol __imp__glScalef@12 referenced in function "private: static void __cdecl CVT::vor_GPU(void)" (?vor_GPU@CVT@@CAXXZ)
wcvt_gpu.obj : error LNK2019: unresolved external symbol __imp__glTranslatef@12 referenced in function "private: static void __cdecl CVT::vor_GPU(void)" (?vor_GPU@CVT@@CAXXZ)
wcvt_gpu.obj : error LNK2019: unresolved external symbol _glutInitWindowPosition referenced in function "private: void __thiscall CVT::run_GPU(int,char * *,class cv::Mat &)" (?run_GPU@CVT@@AAEXHPAPADAAVMat@cv@@@Z)
wcvt_gpu.obj : error LNK2019: unresolved external symbol _glutInitWindowSize referenced in function "private: void __thiscall CVT::run_GPU(int,char * *,class cv::Mat &)" (?run_GPU@CVT@@AAEXHPAPADAAVMat@cv@@@Z)
wcvt_gpu.obj : error LNK2019: unresolved external symbol _glutInitDisplayMode referenced in function "private: void __thiscall CVT::run_GPU(int,char * *,class cv::Mat &)" (?run_GPU@CVT@@AAEXHPAPADAAVMat@cv@@@Z)
wcvt_gpu.obj : error LNK2019: unresolved external symbol _glutMainLoop referenced in function "private: void __thiscall CVT::run_GPU(int,char * *,class cv::Mat &)" (?run_GPU@CVT@@AAEXHPAPADAAVMat@cv@@@Z)
wcvt_gpu.obj : error LNK2019: unresolved external symbol _glutPostRedisplay referenced in function "void __cdecl idle_GPU(void)" (?idle_GPU@@YAXXZ)
wcvt_gpu.obj : error LNK2019: unresolved external symbol _glutSwapBuffers referenced in function "private: static void __cdecl CVT::display_GPU(void)" (?display_GPU@CVT@@CAXXZ)
wcvt_gpu.obj : error LNK2019: unresolved external symbol _glutIdleFunc referenced in function "private: void __thiscall CVT::run_GPU(int,char * *,class cv::Mat &)" (?run_GPU@CVT@@AAEXHPAPADAAVMat@cv@@@Z)
wcvt_gpu.obj : error LNK2019: unresolved external symbol _glutKeyboardFunc referenced in function "private: void __thiscall CVT::run_GPU(int,char * *,class cv::Mat &)" (?run_GPU@CVT@@AAEXHPAPADAAVMat@cv@@@Z)
wcvt_gpu.obj : error LNK2019: unresolved external symbol _glutDisplayFunc referenced in function "private: void __thiscall CVT::run_GPU(int,char * *,class cv::Mat &)" (?run_GPU@CVT@@AAEXHPAPADAAVMat@cv@@@Z)
wcvt_gpu.obj : error LNK2019: unresolved external symbol _glutSolidCone referenced in function "private: static void __cdecl CVT::vor_GPU(void)" (?vor_GPU@CVT@@CAXXZ)
wcvt_gpu.obj : error LNK2019: unresolved external symbol ___glutInitWithExit referenced in function _glutInit_ATEXIT_HACK
wcvt_gpu.obj : error LNK2019: unresolved external symbol ___glutCreateWindowWithExit referenced in function _glutCreateWindow_ATEXIT_HACK
D:\Programming\cs633-hedcut\hedcuter\code\vc_files\Debug\hedcut.exe : fatal error LNK1120: 47 unresolved externals
