Build started 11/30/2017 11:02:33 PM.
     1>Project "D:\Programming\cs633-hedcut\hedcuter\code\vc_files\hedcut.vcxproj" on node 2 (Build target(s)).
     1>ClCompile:
         C:\Program Files (x86)\Microsoft Visual Studio 12.0\VC\bin\x86_amd64\CL.exe /c /I"D:\Program\freeglut\glew-1.11.0\\include" /ID:\Programs\freeglut\freeglut\include /ID:\Programs\opencv\build\include /I../mathtool /Zi /nologo /W3 /WX- /sdl /O2 /Oi /GL /D _MBCS /Gm- /EHsc /MD /GS /Gy /fp:precise /Zc:wchar_t /Zc:forScope /Fo"x64\Release\\" /Fd"x64\Release\vc120.pdb" /Gd /TP /errorReport:prompt ..\hedcut.cpp
         hedcut.cpp
     1>d:\programming\cs633-hedcut\hedcuter\code\wcvt.h(135): warning C4244: 'initializing' : conversion from 'double' to 'float', possible loss of data
     1>..\hedcut.cpp(71): warning C4244: 'argument' : conversion from 'time_t' to 'unsigned int', possible loss of data
     1>..\hedcut.cpp(83): warning C4244: 'initializing' : conversion from 'double' to 'float', possible loss of data
     1>..\hedcut.cpp(84): warning C4244: 'initializing' : conversion from 'double' to 'float', possible loss of data
     1>..\hedcut.cpp(98): warning C4244: 'argument' : conversion from 'double' to 'int', possible loss of data
     1>..\hedcut.cpp(129): warning C4244: '=' : conversion from 'double' to 'unsigned int', possible loss of data
     1>..\hedcut.cpp(130): warning C4244: '=' : conversion from 'double' to 'unsigned int', possible loss of data
     1>..\hedcut.cpp(131): warning C4244: '=' : conversion from 'double' to 'unsigned int', possible loss of data
       Link:
         C:\Program Files (x86)\Microsoft Visual Studio 12.0\VC\bin\x86_amd64\link.exe /ERRORREPORT:PROMPT /OUT:"D:\Programming\cs633-hedcut\hedcuter\code\vc_files\x64\Release\hedcut.exe" /NOLOGO /LIBPATH:"D:\Program\freeglut\glew-1.11.0\\lib\\" /LIBPATH:D:\Programs\freeglut\freeglut\lib\x64 /LIBPATH:D:\Programs\freeglut\freeglut\lib /LIBPATH:D:\Programs\opencv\build\x64\vc12\lib freeglut.lib glew32.lib opencv_highgui2410.lib opencv_core2410.lib opencv_imgproc2410.lib opencv_flann2410.lib opencv_contrib2410.lib opencv_features2d2410.lib kernel32.lib user32.lib gdi32.lib winspool.lib comdlg32.lib advapi32.lib shell32.lib ole32.lib oleaut32.lib uuid.lib odbc32.lib odbccp32.lib /MANIFEST /MANIFESTUAC:"level='asInvoker' uiAccess='false'" /manifest:embed /DEBUG /PDB:"D:\Programming\cs633-hedcut\hedcuter\code\vc_files\x64\Release\hedcut.pdb" /OPT:REF /OPT:ICF /LTCG /TLBID:1 /DYNAMICBASE /NXCOMPAT /IMPLIB:"D:\Programming\cs633-hedcut\hedcuter\code\vc_files\x64\Release\hedcut.lib" /MACHINE:X64 x64\Release\hedcut.obj
         x64\Release\main.obj
         x64\Release\wcvt.obj
         x64\Release\wcvt_gpu.obj
         Generating code
         Finished generating code
         hedcut.vcxproj -> D:\Programming\cs633-hedcut\hedcuter\code\vc_files\x64\Release\hedcut.exe
     1>Done Building Project "D:\Programming\cs633-hedcut\hedcuter\code\vc_files\hedcut.vcxproj" (Build target(s)).

Build succeeded.

Time Elapsed 00:00:02.91
